<?xml version="1.0" encoding="UTF-8"?>
<!-- Generated by org.testng.reporters.JUnitXMLReporter -->
<testsuite hostname="ET-C02T91MYG8WN.local" ignored="0" name="Products-test-iOS" tests="2" failures="0" timestamp="2021-03-21T18:09:49 IST" time="92.296" errors="0">
  <testcase name="@BeforeMethod initialize_loginpage" time="0.121" classname="com.qa.tests.LoginTest">
    <failure type="java.lang.IllegalArgumentException" message="Can not set io.appium.java_client.MobileElement field com.qa.Pages.LoginPage.userNameTextField to org.openqa.selenium.remote.RemoteWebElement$$EnhancerByCGLIB$$d27c0df4">
      <![CDATA[java.lang.IllegalArgumentException: Can not set io.appium.java_client.MobileElement field com.qa.Pages.LoginPage.userNameTextField to org.openqa.selenium.remote.RemoteWebElement$$EnhancerByCGLIB$$d27c0df4
at org.openqa.selenium.support.PageFactory.proxyFields(PageFactory.java:117)
at org.openqa.selenium.support.PageFactory.initElements(PageFactory.java:105)
at com.qa.Base.BaseTest.<init>(BaseTest.java:73)
at com.qa.Pages.LoginPage.<init>(LoginPage.java:10)
at com.qa.tests.LoginTest.initialize_loginpage(LoginTest.java:27)
at java.util.ArrayList.forEach(ArrayList.java:1257)
at java.util.concurrent.FutureTask.run(FutureTask.java:266)
at java.util.concurrent.ThreadPoolExecutor.runWorker(ThreadPoolExecutor.java:1149)
at java.util.concurrent.ThreadPoolExecutor$Worker.run(ThreadPoolExecutor.java:624)
at java.lang.Thread.run(Thread.java:748)
... Removed 26 stack frames]]>
    </failure>
  </testcase> <!-- @BeforeMethod initialize_loginpage -->
  <testcase name="@AfterMethod stopScreenRecording" time="-1.61633031544E9" classname="com.qa.Base.BaseTest">
    <skipped/>
  </testcase> <!-- @AfterMethod stopScreenRecording -->
  <testcase name="@BeforeMethod startScreenRecording" time="-1.616330315441E9" classname="com.qa.Base.BaseTest">
    <skipped/>
  </testcase> <!-- @BeforeMethod startScreenRecording -->
  <testcase name="@BeforeMethod initialize_loginpage" time="-1.616330315441E9" classname="com.qa.tests.LoginTest">
    <skipped/>
  </testcase> <!-- @BeforeMethod initialize_loginpage -->
  <testcase name="@AfterMethod stopScreenRecording" time="-1.616330315442E9" classname="com.qa.Base.BaseTest">
    <skipped/>
  </testcase> <!-- @AfterMethod stopScreenRecording -->
  <testcase name="@BeforeMethod startScreenRecording" time="-1.616330315443E9" classname="com.qa.Base.BaseTest">
    <skipped/>
  </testcase> <!-- @BeforeMethod startScreenRecording -->
  <testcase name="@BeforeMethod initialize_loginpage" time="-1.616330315443E9" classname="com.qa.tests.LoginTest">
    <skipped/>
  </testcase> <!-- @BeforeMethod initialize_loginpage -->
  <testcase name="@AfterMethod stopScreenRecording" time="-1.616330315444E9" classname="com.qa.Base.BaseTest">
    <skipped/>
  </testcase> <!-- @AfterMethod stopScreenRecording -->
  <testcase name="@BeforeMethod startScreenRecording" time="-1.616330315444E9" classname="com.qa.Base.BaseTest">
    <skipped/>
  </testcase> <!-- @BeforeMethod startScreenRecording -->
  <testcase name="@BeforeMethod initialize_loginpage" time="-1.616330315445E9" classname="com.qa.tests.LoginTest">
    <skipped/>
  </testcase> <!-- @BeforeMethod initialize_loginpage -->
  <testcase name="@AfterMethod stopScreenRecording" time="-1.616330315445E9" classname="com.qa.Base.BaseTest">
    <skipped/>
  </testcase> <!-- @AfterMethod stopScreenRecording -->
  <testcase name="@AfterTest quit" time="-1.616330315449E9" classname="com.qa.Base.BaseTest">
    <skipped/>
  </testcase> <!-- @AfterTest quit -->
  <testcase name="Validate_products" time="7.973" classname="com.qa.tests.ProductsTest"/>
  <testcase name="Validate_productDetails" time="24.901" classname="com.qa.tests.ProductsTest"/>
</testsuite> <!-- Products-test-iOS -->
